<?xml version="1.0" encoding="UTF-8"?>
<testng-results skipped="0" failed="0" total="1" passed="1">
  <reporter-output>
  </reporter-output>
  <suite name="Default suite" duration-ms="14094" started-at="2021-08-23T10:06:18Z" finished-at="2021-08-23T10:06:32Z">
    <groups>
    </groups>
    <test name="Default test" duration-ms="14094" started-at="2021-08-23T10:06:18Z" finished-at="2021-08-23T10:06:32Z">
      <class name="practice1.Myntra_LoginPage">
        <test-method status="PASS" signature="f()[pri:0, instance:practice1.Myntra_LoginPage@7f9a81e8]" name="f" duration-ms="14062" started-at="2021-08-23T15:36:18Z" finished-at="2021-08-23T15:36:32Z">
          <reporter-output>
          </reporter-output>
        </test-method> <!-- f -->
      </class> <!-- practice1.Myntra_LoginPage -->
    </test> <!-- Default test -->
  </suite> <!-- Default suite -->
</testng-results>
